2021-12-15 18:40:13,132 INFO o.a.j.u.JMeterUtils: Setting Locale to en_EN
2021-12-15 18:40:13,144 INFO o.a.j.JMeter: Loading user properties from: E:\TS_Program\apache-jmeter-5.4.1\apache-jmeter-5.4.1\bin\user.properties
2021-12-15 18:40:13,144 INFO o.a.j.JMeter: Loading system properties from: E:\TS_Program\apache-jmeter-5.4.1\apache-jmeter-5.4.1\bin\system.properties
2021-12-15 18:40:13,156 INFO o.a.j.JMeter: Copyright (c) 1998-2021 The Apache Software Foundation
2021-12-15 18:40:13,156 INFO o.a.j.JMeter: Version 5.4.1
2021-12-15 18:40:13,156 INFO o.a.j.JMeter: java.version=1.8.0_144
2021-12-15 18:40:13,156 INFO o.a.j.JMeter: java.vm.name=Java HotSpot(TM) 64-Bit Server VM
2021-12-15 18:40:13,156 INFO o.a.j.JMeter: os.name=Windows 10
2021-12-15 18:40:13,156 INFO o.a.j.JMeter: os.arch=amd64
2021-12-15 18:40:13,156 INFO o.a.j.JMeter: os.version=10.0
2021-12-15 18:40:13,156 INFO o.a.j.JMeter: file.encoding=GBK
2021-12-15 18:40:13,156 INFO o.a.j.JMeter: java.awt.headless=null
2021-12-15 18:40:13,156 INFO o.a.j.JMeter: Max memory     =1073741824
2021-12-15 18:40:13,156 INFO o.a.j.JMeter: Available Processors =8
2021-12-15 18:40:13,161 INFO o.a.j.JMeter: Default Locale=English (EN)
2021-12-15 18:40:13,161 INFO o.a.j.JMeter: JMeter  Locale=English (EN)
2021-12-15 18:40:13,161 INFO o.a.j.JMeter: JMeterHome=E:\TS_Program\apache-jmeter-5.4.1\apache-jmeter-5.4.1
2021-12-15 18:40:13,161 INFO o.a.j.JMeter: user.dir  =E:\CODE\stu\newbee-mall-api-master\newbee-mall-api-master\jmx
2021-12-15 18:40:13,161 INFO o.a.j.JMeter: PWD       =E:\CODE\stu\newbee-mall-api-master\newbee-mall-api-master\jmx
2021-12-15 18:40:13,163 INFO o.a.j.JMeter: IP: 172.21.16.140 Name: DESKTOP-I6FQOOB FullName: host.docker.internal
2021-12-15 18:40:13,261 INFO o.a.j.JMeter: Setting LAF to: laf:com.sun.java.swing.plaf.windows.WindowsLookAndFeel
2021-12-15 18:40:13,588 INFO o.a.j.JMeter: Loaded icon properties from org/apache/jmeter/images/icon.properties
2021-12-15 18:40:20,154 INFO o.j.r.JARSourceHTTP: Found cached repo
2021-12-15 18:40:20,363 WARN o.j.r.Plugin: Unable to load class: kg.apc.jmeter.vizualizers.ResponseTimesOverTimeGui
java.lang.NoClassDefFoundError: kg/apc/jmeter/graphs/AbstractOverTimeVisualizer
	at java.lang.ClassLoader.defineClass1(Native Method) ~[?:1.8.0_144]
	at java.lang.ClassLoader.defineClass(Unknown Source) ~[?:1.8.0_144]
	at java.security.SecureClassLoader.defineClass(Unknown Source) ~[?:1.8.0_144]
	at java.net.URLClassLoader.defineClass(Unknown Source) ~[?:1.8.0_144]
	at java.net.URLClassLoader.access$100(Unknown Source) ~[?:1.8.0_144]
	at java.net.URLClassLoader$1.run(Unknown Source) ~[?:1.8.0_144]
	at java.net.URLClassLoader$1.run(Unknown Source) ~[?:1.8.0_144]
	at java.security.AccessController.doPrivileged(Native Method) ~[?:1.8.0_144]
	at java.net.URLClassLoader.findClass(Unknown Source) ~[?:1.8.0_144]
	at java.lang.ClassLoader.loadClass(Unknown Source) ~[?:1.8.0_144]
	at java.lang.ClassLoader.loadClass(Unknown Source) ~[?:1.8.0_144]
	at org.jmeterplugins.repository.Plugin.getJARPath(Plugin.java:202) [jmeter-plugins-manager-1.6.jar:?]
	at org.jmeterplugins.repository.Plugin.detectInstalledPlugin(Plugin.java:108) [jmeter-plugins-manager-1.6.jar:?]
	at org.jmeterplugins.repository.Plugin.detectInstalled(Plugin.java:97) [jmeter-plugins-manager-1.6.jar:?]
	at org.jmeterplugins.repository.PluginManager.load(PluginManager.java:86) [jmeter-plugins-manager-1.6.jar:?]
	at org.jmeterplugins.repository.PluginManagerMenuItem$1.run(PluginManagerMenuItem.java:38) [jmeter-plugins-manager-1.6.jar:?]
Caused by: java.lang.ClassNotFoundException: kg.apc.jmeter.graphs.AbstractOverTimeVisualizer
	at java.net.URLClassLoader.findClass(Unknown Source) ~[?:1.8.0_144]
	at java.lang.ClassLoader.loadClass(Unknown Source) ~[?:1.8.0_144]
	at java.lang.ClassLoader.loadClass(Unknown Source) ~[?:1.8.0_144]
	... 16 more
2021-12-15 18:40:20,384 INFO o.j.r.PluginManager: Plugins Status: [jpgc-plugins-manager=1.6, jmeter-core=5.4.1, jmeter-ftp=5.4.1, jmeter-http=5.4.1, jmeter-jdbc=5.4.1, jmeter-jms=5.4.1, jmeter-junit=5.4.1, jmeter-java=5.4.1, jmeter-ldap=5.4.1, jmeter-mail=5.4.1, jmeter-mongodb=5.4.1, jmeter-native=5.4.1, jmeter-tcp=5.4.1, jmeter-components=5.4.1]
2021-12-15 18:40:27,416 INFO o.a.j.s.FileServer: Default base='E:\CODE\stu\newbee-mall-api-master\newbee-mall-api-master\jmx'
2021-12-15 18:40:27,422 INFO o.a.j.g.a.Load: Loading file: E:\CODE\stu\newbee-mall-api-master\newbee-mall-api-master\automation\newbee_stress_auto.jmx
2021-12-15 18:40:27,422 INFO o.a.j.s.FileServer: Set new base='E:\CODE\stu\newbee-mall-api-master\newbee-mall-api-master\automation'
2021-12-15 18:40:27,557 INFO o.a.j.s.SaveService: Testplan (JMX) version: 2.2. Testlog (JTL) version: 2.2
2021-12-15 18:40:27,563 INFO o.a.j.s.SaveService: Using SaveService properties file encoding UTF-8
2021-12-15 18:40:27,565 INFO o.a.j.s.SaveService: Using SaveService properties version 5.0
2021-12-15 18:40:27,567 INFO o.a.j.s.SaveService: Loading file: E:\CODE\stu\newbee-mall-api-master\newbee-mall-api-master\automation\newbee_stress_auto.jmx
2021-12-15 18:40:28,045 INFO o.a.j.p.h.s.HTTPSamplerBase: Parser for text/html is org.apache.jmeter.protocol.http.parser.LagartoBasedHtmlParser
2021-12-15 18:40:28,046 INFO o.a.j.p.h.s.HTTPSamplerBase: Parser for application/xhtml+xml is org.apache.jmeter.protocol.http.parser.LagartoBasedHtmlParser
2021-12-15 18:40:28,046 INFO o.a.j.p.h.s.HTTPSamplerBase: Parser for application/xml is org.apache.jmeter.protocol.http.parser.LagartoBasedHtmlParser
2021-12-15 18:40:28,046 INFO o.a.j.p.h.s.HTTPSamplerBase: Parser for text/xml is org.apache.jmeter.protocol.http.parser.LagartoBasedHtmlParser
2021-12-15 18:40:28,046 INFO o.a.j.p.h.s.HTTPSamplerBase: Parser for text/vnd.wap.wml is org.apache.jmeter.protocol.http.parser.RegexpHTMLParser
2021-12-15 18:40:28,046 INFO o.a.j.p.h.s.HTTPSamplerBase: Parser for text/css is org.apache.jmeter.protocol.http.parser.CssParser
2021-12-15 18:40:28,053 INFO o.a.j.s.SampleResult: Note: Sample TimeStamps are START times
2021-12-15 18:40:28,053 INFO o.a.j.s.SampleResult: sampleresult.default.encoding is set to ISO-8859-1
2021-12-15 18:40:28,053 INFO o.a.j.s.SampleResult: sampleresult.useNanoTime=true
2021-12-15 18:40:28,053 INFO o.a.j.s.SampleResult: sampleresult.nanoThreadSleep=5000
2021-12-15 18:40:28,995 INFO o.a.j.s.FileServer: Set new base='E:\CODE\stu\newbee-mall-api-master\newbee-mall-api-master\automation'
2021-12-15 18:40:58,264 INFO o.a.j.e.StandardJMeterEngine: Running the test!
2021-12-15 18:40:58,265 INFO o.a.j.s.SampleEvent: List of sample_variables: []
2021-12-15 18:40:58,265 INFO o.a.j.s.SampleEvent: List of sample_variables: []
2021-12-15 18:40:58,266 INFO o.a.j.e.u.CompoundVariable: Note: Function class names must contain the string: '.functions.'
2021-12-15 18:40:58,266 INFO o.a.j.e.u.CompoundVariable: Note: Function class names must not contain the string: '.gui.'
2021-12-15 18:40:58,342 INFO o.a.j.v.b.BackendListener: Backend Listener: Starting worker with class: class org.apache.jmeter.visualizers.backend.influxdb.InfluxdbBackendListenerClient and queue capacity: 5000
2021-12-15 18:40:58,344 INFO o.a.j.v.b.BackendListener: Backend Listener: Started  worker with class: class org.apache.jmeter.visualizers.backend.influxdb.InfluxdbBackendListenerClient
2021-12-15 18:40:58,445 INFO o.a.j.g.u.JMeterMenuBar: setRunning(true, *local*)
2021-12-15 18:40:58,446 INFO o.a.j.e.StandardJMeterEngine: Starting setUp thread groups
2021-12-15 18:40:58,447 INFO o.a.j.e.StandardJMeterEngine: Starting setUp ThreadGroup: 1 : setUp Thread Group 
2021-12-15 18:40:58,447 INFO o.a.j.e.StandardJMeterEngine: Starting 1 threads for group setUp Thread Group.
2021-12-15 18:40:58,447 INFO o.a.j.e.StandardJMeterEngine: Thread will continue on error
2021-12-15 18:40:58,447 INFO o.a.j.t.ThreadGroup: Starting thread group... number=1 threads=1 ramp-up=1 delayedStart=false
2021-12-15 18:40:58,450 INFO o.a.j.t.ThreadGroup: Started thread group number 1
2021-12-15 18:40:58,451 INFO o.a.j.e.StandardJMeterEngine: Waiting for all setup thread groups to exit
2021-12-15 18:40:58,456 INFO o.a.j.t.JMeterThread: Thread started: setUp Thread Group 1-1
2021-12-15 18:40:59,399 INFO o.a.j.t.JMeterThread: Thread is done: setUp Thread Group 1-1
2021-12-15 18:40:59,399 INFO o.a.j.t.JMeterThread: Thread finished: setUp Thread Group 1-1
2021-12-15 18:40:59,400 INFO o.a.j.e.StandardJMeterEngine: All Setup Threads have ended
2021-12-15 18:40:59,527 ERROR o.a.j.v.b.i.HttpMetricsSender: failed to send data to influxDB server.
java.net.ConnectException: Timeout connecting to [localhost/127.0.0.1:8086]
	at org.apache.http.nio.pool.RouteSpecificPool.timeout(RouteSpecificPool.java:169) [httpcore-nio-4.4.13.jar:4.4.13]
	at org.apache.http.nio.pool.AbstractNIOConnPool.requestTimeout(AbstractNIOConnPool.java:632) [httpcore-nio-4.4.13.jar:4.4.13]
	at org.apache.http.nio.pool.AbstractNIOConnPool$InternalSessionRequestCallback.timeout(AbstractNIOConnPool.java:898) [httpcore-nio-4.4.13.jar:4.4.13]
	at org.apache.http.impl.nio.reactor.SessionRequestImpl.timeout(SessionRequestImpl.java:198) [httpcore-nio-4.4.13.jar:4.4.13]
	at org.apache.http.impl.nio.reactor.DefaultConnectingIOReactor.processTimeouts(DefaultConnectingIOReactor.java:213) [httpcore-nio-4.4.13.jar:4.4.13]
	at org.apache.http.impl.nio.reactor.DefaultConnectingIOReactor.processEvents(DefaultConnectingIOReactor.java:158) [httpcore-nio-4.4.13.jar:4.4.13]
	at org.apache.http.impl.nio.reactor.AbstractMultiworkerIOReactor.execute(AbstractMultiworkerIOReactor.java:351) [httpcore-nio-4.4.13.jar:4.4.13]
	at org.apache.http.impl.nio.conn.PoolingNHttpClientConnectionManager.execute(PoolingNHttpClientConnectionManager.java:221) [httpasyncclient-4.1.4.jar:4.1.4]
	at org.apache.http.impl.nio.client.CloseableHttpAsyncClientBase$1.run(CloseableHttpAsyncClientBase.java:64) [httpasyncclient-4.1.4.jar:4.1.4]
	at java.lang.Thread.run(Unknown Source) [?:1.8.0_144]
2021-12-15 18:40:59,528 INFO o.a.j.e.StandardJMeterEngine: No enabled thread groups found
2021-12-15 18:40:59,528 INFO o.a.j.e.StandardJMeterEngine: Notifying test listeners of end of test
2021-12-15 18:40:59,529 INFO o.a.j.v.b.BackendListener: Worker ended
2021-12-15 18:40:59,530 INFO o.a.j.v.b.i.InfluxdbBackendListenerClient: Sending last metrics to InfluxDB
2021-12-15 18:40:59,531 INFO o.a.j.v.b.i.HttpMetricsSender: Destroying 
2021-12-15 18:41:00,546 ERROR o.a.j.v.b.i.HttpMetricsSender: failed to send data to influxDB server.
java.net.ConnectException: Timeout connecting to [localhost/127.0.0.1:8086]
	at org.apache.http.nio.pool.RouteSpecificPool.timeout(RouteSpecificPool.java:169) [httpcore-nio-4.4.13.jar:4.4.13]
	at org.apache.http.nio.pool.AbstractNIOConnPool.requestTimeout(AbstractNIOConnPool.java:632) [httpcore-nio-4.4.13.jar:4.4.13]
	at org.apache.http.nio.pool.AbstractNIOConnPool$InternalSessionRequestCallback.timeout(AbstractNIOConnPool.java:898) [httpcore-nio-4.4.13.jar:4.4.13]
	at org.apache.http.impl.nio.reactor.SessionRequestImpl.timeout(SessionRequestImpl.java:198) [httpcore-nio-4.4.13.jar:4.4.13]
	at org.apache.http.impl.nio.reactor.DefaultConnectingIOReactor.processTimeouts(DefaultConnectingIOReactor.java:213) [httpcore-nio-4.4.13.jar:4.4.13]
	at org.apache.http.impl.nio.reactor.DefaultConnectingIOReactor.processEvents(DefaultConnectingIOReactor.java:158) [httpcore-nio-4.4.13.jar:4.4.13]
	at org.apache.http.impl.nio.reactor.AbstractMultiworkerIOReactor.execute(AbstractMultiworkerIOReactor.java:351) [httpcore-nio-4.4.13.jar:4.4.13]
	at org.apache.http.impl.nio.conn.PoolingNHttpClientConnectionManager.execute(PoolingNHttpClientConnectionManager.java:221) [httpasyncclient-4.1.4.jar:4.1.4]
	at org.apache.http.impl.nio.client.CloseableHttpAsyncClientBase$1.run(CloseableHttpAsyncClientBase.java:64) [httpasyncclient-4.1.4.jar:4.1.4]
	at java.lang.Thread.run(Unknown Source) [?:1.8.0_144]
2021-12-15 18:41:00,546 ERROR o.a.j.v.b.i.HttpMetricsSender: Error waiting for last request to be send to InfluxDB
java.util.concurrent.ExecutionException: java.net.ConnectException: Timeout connecting to [localhost/127.0.0.1:8086]
	at org.apache.http.concurrent.BasicFuture.getResult(BasicFuture.java:71) ~[httpcore-4.4.13.jar:4.4.13]
	at org.apache.http.concurrent.BasicFuture.get(BasicFuture.java:102) ~[httpcore-4.4.13.jar:4.4.13]
	at org.apache.http.impl.nio.client.FutureWrapper.get(FutureWrapper.java:75) ~[httpasyncclient-4.1.4.jar:4.1.4]
	at org.apache.jmeter.visualizers.backend.influxdb.HttpMetricsSender.destroy(HttpMetricsSender.java:252) [ApacheJMeter_components.jar:5.4.1]
	at org.apache.jmeter.visualizers.backend.influxdb.InfluxdbBackendListenerClient.teardownTest(InfluxdbBackendListenerClient.java:420) [ApacheJMeter_components.jar:5.4.1]
	at org.apache.jmeter.visualizers.backend.BackendListener.testEnded(BackendListener.java:375) [ApacheJMeter_components.jar:5.4.1]
	at org.apache.jmeter.visualizers.backend.BackendListener.testEnded(BackendListener.java:383) [ApacheJMeter_components.jar:5.4.1]
	at org.apache.jmeter.engine.StandardJMeterEngine.notifyTestListenersOfEnd(StandardJMeterEngine.java:218) [ApacheJMeter_core.jar:5.4.1]
	at org.apache.jmeter.engine.StandardJMeterEngine.run(StandardJMeterEngine.java:493) [ApacheJMeter_core.jar:5.4.1]
	at java.lang.Thread.run(Unknown Source) [?:1.8.0_144]
Caused by: java.net.ConnectException: Timeout connecting to [localhost/127.0.0.1:8086]
	at org.apache.http.nio.pool.RouteSpecificPool.timeout(RouteSpecificPool.java:169) ~[httpcore-nio-4.4.13.jar:4.4.13]
	at org.apache.http.nio.pool.AbstractNIOConnPool.requestTimeout(AbstractNIOConnPool.java:632) ~[httpcore-nio-4.4.13.jar:4.4.13]
	at org.apache.http.nio.pool.AbstractNIOConnPool$InternalSessionRequestCallback.timeout(AbstractNIOConnPool.java:898) ~[httpcore-nio-4.4.13.jar:4.4.13]
	at org.apache.http.impl.nio.reactor.SessionRequestImpl.timeout(SessionRequestImpl.java:198) ~[httpcore-nio-4.4.13.jar:4.4.13]
	at org.apache.http.impl.nio.reactor.DefaultConnectingIOReactor.processTimeouts(DefaultConnectingIOReactor.java:213) ~[httpcore-nio-4.4.13.jar:4.4.13]
	at org.apache.http.impl.nio.reactor.DefaultConnectingIOReactor.processEvents(DefaultConnectingIOReactor.java:158) ~[httpcore-nio-4.4.13.jar:4.4.13]
	at org.apache.http.impl.nio.reactor.AbstractMultiworkerIOReactor.execute(AbstractMultiworkerIOReactor.java:351) ~[httpcore-nio-4.4.13.jar:4.4.13]
	at org.apache.http.impl.nio.conn.PoolingNHttpClientConnectionManager.execute(PoolingNHttpClientConnectionManager.java:221) ~[httpasyncclient-4.1.4.jar:4.1.4]
	at org.apache.http.impl.nio.client.CloseableHttpAsyncClientBase$1.run(CloseableHttpAsyncClientBase.java:64) ~[httpasyncclient-4.1.4.jar:4.1.4]
	... 1 more
2021-12-15 18:41:00,549 INFO o.a.j.g.u.JMeterMenuBar: setRunning(false, *local*)
2021-12-15 18:41:20,580 INFO o.a.j.e.StandardJMeterEngine: Running the test!
2021-12-15 18:41:20,581 INFO o.a.j.s.SampleEvent: List of sample_variables: []
2021-12-15 18:41:20,582 INFO o.a.j.v.b.BackendListener: Backend Listener: Starting worker with class: class org.apache.jmeter.visualizers.backend.influxdb.InfluxdbBackendListenerClient and queue capacity: 5000
2021-12-15 18:41:20,582 INFO o.a.j.v.b.BackendListener: Backend Listener: Started  worker with class: class org.apache.jmeter.visualizers.backend.influxdb.InfluxdbBackendListenerClient
2021-12-15 18:41:20,587 INFO o.a.j.g.u.JMeterMenuBar: setRunning(true, *local*)
2021-12-15 18:41:20,611 INFO o.a.j.e.StandardJMeterEngine: Starting setUp thread groups
2021-12-15 18:41:20,612 INFO o.a.j.e.StandardJMeterEngine: Starting setUp ThreadGroup: 1 : setUp Thread Group 
2021-12-15 18:41:20,613 INFO o.a.j.e.StandardJMeterEngine: Starting 1 threads for group setUp Thread Group.
2021-12-15 18:41:20,613 INFO o.a.j.e.StandardJMeterEngine: Thread will continue on error
2021-12-15 18:41:20,613 INFO o.a.j.t.ThreadGroup: Starting thread group... number=1 threads=1 ramp-up=1 delayedStart=false
2021-12-15 18:41:20,614 INFO o.a.j.t.ThreadGroup: Started thread group number 1
2021-12-15 18:41:20,614 INFO o.a.j.e.StandardJMeterEngine: Waiting for all setup thread groups to exit
2021-12-15 18:41:20,615 INFO o.a.j.t.JMeterThread: Thread started: setUp Thread Group 1-1
2021-12-15 18:41:20,998 INFO o.a.j.t.JMeterThread: Thread is done: setUp Thread Group 1-1
2021-12-15 18:41:20,998 INFO o.a.j.t.JMeterThread: Thread finished: setUp Thread Group 1-1
2021-12-15 18:41:20,998 INFO o.a.j.e.StandardJMeterEngine: All Setup Threads have ended
2021-12-15 18:41:21,089 INFO o.a.j.e.StandardJMeterEngine: No enabled thread groups found
2021-12-15 18:41:21,089 INFO o.a.j.e.StandardJMeterEngine: Notifying test listeners of end of test
2021-12-15 18:41:21,089 INFO o.a.j.v.b.BackendListener: Worker ended
2021-12-15 18:41:21,090 INFO o.a.j.v.b.i.InfluxdbBackendListenerClient: Sending last metrics to InfluxDB
2021-12-15 18:41:21,090 INFO o.a.j.v.b.i.HttpMetricsSender: Destroying 
2021-12-15 18:41:22,093 ERROR o.a.j.v.b.i.HttpMetricsSender: failed to send data to influxDB server.
java.net.ConnectException: Timeout connecting to [localhost/127.0.0.1:8086]
	at org.apache.http.nio.pool.RouteSpecificPool.timeout(RouteSpecificPool.java:169) [httpcore-nio-4.4.13.jar:4.4.13]
	at org.apache.http.nio.pool.AbstractNIOConnPool.requestTimeout(AbstractNIOConnPool.java:632) [httpcore-nio-4.4.13.jar:4.4.13]
	at org.apache.http.nio.pool.AbstractNIOConnPool$InternalSessionRequestCallback.timeout(AbstractNIOConnPool.java:898) [httpcore-nio-4.4.13.jar:4.4.13]
	at org.apache.http.impl.nio.reactor.SessionRequestImpl.timeout(SessionRequestImpl.java:198) [httpcore-nio-4.4.13.jar:4.4.13]
	at org.apache.http.impl.nio.reactor.DefaultConnectingIOReactor.processTimeouts(DefaultConnectingIOReactor.java:213) [httpcore-nio-4.4.13.jar:4.4.13]
	at org.apache.http.impl.nio.reactor.DefaultConnectingIOReactor.processEvents(DefaultConnectingIOReactor.java:158) [httpcore-nio-4.4.13.jar:4.4.13]
	at org.apache.http.impl.nio.reactor.AbstractMultiworkerIOReactor.execute(AbstractMultiworkerIOReactor.java:351) [httpcore-nio-4.4.13.jar:4.4.13]
	at org.apache.http.impl.nio.conn.PoolingNHttpClientConnectionManager.execute(PoolingNHttpClientConnectionManager.java:221) [httpasyncclient-4.1.4.jar:4.1.4]
	at org.apache.http.impl.nio.client.CloseableHttpAsyncClientBase$1.run(CloseableHttpAsyncClientBase.java:64) [httpasyncclient-4.1.4.jar:4.1.4]
	at java.lang.Thread.run(Unknown Source) [?:1.8.0_144]
2021-12-15 18:41:22,094 ERROR o.a.j.v.b.i.HttpMetricsSender: failed to send data to influxDB server.
java.net.ConnectException: Timeout connecting to [localhost/127.0.0.1:8086]
	at org.apache.http.nio.pool.RouteSpecificPool.timeout(RouteSpecificPool.java:169) [httpcore-nio-4.4.13.jar:4.4.13]
	at org.apache.http.nio.pool.AbstractNIOConnPool.requestTimeout(AbstractNIOConnPool.java:632) [httpcore-nio-4.4.13.jar:4.4.13]
	at org.apache.http.nio.pool.AbstractNIOConnPool$InternalSessionRequestCallback.timeout(AbstractNIOConnPool.java:898) [httpcore-nio-4.4.13.jar:4.4.13]
	at org.apache.http.impl.nio.reactor.SessionRequestImpl.timeout(SessionRequestImpl.java:198) [httpcore-nio-4.4.13.jar:4.4.13]
	at org.apache.http.impl.nio.reactor.DefaultConnectingIOReactor.processTimeouts(DefaultConnectingIOReactor.java:213) [httpcore-nio-4.4.13.jar:4.4.13]
	at org.apache.http.impl.nio.reactor.DefaultConnectingIOReactor.processEvents(DefaultConnectingIOReactor.java:158) [httpcore-nio-4.4.13.jar:4.4.13]
	at org.apache.http.impl.nio.reactor.AbstractMultiworkerIOReactor.execute(AbstractMultiworkerIOReactor.java:351) [httpcore-nio-4.4.13.jar:4.4.13]
	at org.apache.http.impl.nio.conn.PoolingNHttpClientConnectionManager.execute(PoolingNHttpClientConnectionManager.java:221) [httpasyncclient-4.1.4.jar:4.1.4]
	at org.apache.http.impl.nio.client.CloseableHttpAsyncClientBase$1.run(CloseableHttpAsyncClientBase.java:64) [httpasyncclient-4.1.4.jar:4.1.4]
	at java.lang.Thread.run(Unknown Source) [?:1.8.0_144]
2021-12-15 18:41:22,094 ERROR o.a.j.v.b.i.HttpMetricsSender: Error waiting for last request to be send to InfluxDB
java.util.concurrent.ExecutionException: java.net.ConnectException: Timeout connecting to [localhost/127.0.0.1:8086]
	at org.apache.http.concurrent.BasicFuture.getResult(BasicFuture.java:71) ~[httpcore-4.4.13.jar:4.4.13]
	at org.apache.http.concurrent.BasicFuture.get(BasicFuture.java:102) ~[httpcore-4.4.13.jar:4.4.13]
	at org.apache.http.impl.nio.client.FutureWrapper.get(FutureWrapper.java:75) ~[httpasyncclient-4.1.4.jar:4.1.4]
	at org.apache.jmeter.visualizers.backend.influxdb.HttpMetricsSender.destroy(HttpMetricsSender.java:252) [ApacheJMeter_components.jar:5.4.1]
	at org.apache.jmeter.visualizers.backend.influxdb.InfluxdbBackendListenerClient.teardownTest(InfluxdbBackendListenerClient.java:420) [ApacheJMeter_components.jar:5.4.1]
	at org.apache.jmeter.visualizers.backend.BackendListener.testEnded(BackendListener.java:375) [ApacheJMeter_components.jar:5.4.1]
	at org.apache.jmeter.visualizers.backend.BackendListener.testEnded(BackendListener.java:383) [ApacheJMeter_components.jar:5.4.1]
	at org.apache.jmeter.engine.StandardJMeterEngine.notifyTestListenersOfEnd(StandardJMeterEngine.java:218) [ApacheJMeter_core.jar:5.4.1]
	at org.apache.jmeter.engine.StandardJMeterEngine.run(StandardJMeterEngine.java:493) [ApacheJMeter_core.jar:5.4.1]
	at java.lang.Thread.run(Unknown Source) [?:1.8.0_144]
Caused by: java.net.ConnectException: Timeout connecting to [localhost/127.0.0.1:8086]
	at org.apache.http.nio.pool.RouteSpecificPool.timeout(RouteSpecificPool.java:169) ~[httpcore-nio-4.4.13.jar:4.4.13]
	at org.apache.http.nio.pool.AbstractNIOConnPool.requestTimeout(AbstractNIOConnPool.java:632) ~[httpcore-nio-4.4.13.jar:4.4.13]
	at org.apache.http.nio.pool.AbstractNIOConnPool$InternalSessionRequestCallback.timeout(AbstractNIOConnPool.java:898) ~[httpcore-nio-4.4.13.jar:4.4.13]
	at org.apache.http.impl.nio.reactor.SessionRequestImpl.timeout(SessionRequestImpl.java:198) ~[httpcore-nio-4.4.13.jar:4.4.13]
	at org.apache.http.impl.nio.reactor.DefaultConnectingIOReactor.processTimeouts(DefaultConnectingIOReactor.java:213) ~[httpcore-nio-4.4.13.jar:4.4.13]
	at org.apache.http.impl.nio.reactor.DefaultConnectingIOReactor.processEvents(DefaultConnectingIOReactor.java:158) ~[httpcore-nio-4.4.13.jar:4.4.13]
	at org.apache.http.impl.nio.reactor.AbstractMultiworkerIOReactor.execute(AbstractMultiworkerIOReactor.java:351) ~[httpcore-nio-4.4.13.jar:4.4.13]
	at org.apache.http.impl.nio.conn.PoolingNHttpClientConnectionManager.execute(PoolingNHttpClientConnectionManager.java:221) ~[httpasyncclient-4.1.4.jar:4.1.4]
	at org.apache.http.impl.nio.client.CloseableHttpAsyncClientBase$1.run(CloseableHttpAsyncClientBase.java:64) ~[httpasyncclient-4.1.4.jar:4.1.4]
	... 1 more
2021-12-15 18:41:22,095 INFO o.a.j.g.u.JMeterMenuBar: setRunning(false, *local*)
